g:\program\プログラムワークショップ3\プログラムワークショップ３\kadai\kadai3\sugorokudll\sugorokudll\sugorokudll\debug\sugorokudll.pch
g:\program\プログラムワークショップ3\プログラムワークショップ３\kadai\kadai3\sugorokudll\sugorokudll\sugorokudll\debug\vc141.pdb
g:\program\プログラムワークショップ3\プログラムワークショップ３\kadai\kadai3\sugorokudll\sugorokudll\sugorokudll\debug\vc141.idb
g:\program\プログラムワークショップ3\プログラムワークショップ３\kadai\kadai3\sugorokudll\sugorokudll\sugorokudll\debug\stdafx.obj
g:\program\プログラムワークショップ3\プログラムワークショップ３\kadai\kadai3\sugorokudll\sugorokudll\sugorokudll\debug\dllmain.obj
g:\program\プログラムワークショップ3\プログラムワークショップ３\kadai\kadai3\sugorokudll\sugorokudll\sugorokudll\debug\sugorokudll.obj
g:\program\プログラムワークショップ3\プログラムワークショップ３\kadai\kadai3\sugorokudll\sugorokudll\debug\sugorokudll.lib
g:\program\プログラムワークショップ3\プログラムワークショップ３\kadai\kadai3\sugorokudll\sugorokudll\debug\sugorokudll.exp
g:\program\プログラムワークショップ3\プログラムワークショップ３\kadai\kadai3\sugorokudll\sugorokudll\debug\sugorokudll.pdb
g:\program\プログラムワークショップ3\プログラムワークショップ３\kadai\kadai3\sugorokudll\sugorokudll\sugorokudll\debug\sugorokudll.tlog\cl.read.1.tlog
g:\program\プログラムワークショップ3\プログラムワークショップ３\kadai\kadai3\sugorokudll\sugorokudll\sugorokudll\debug\sugorokudll.tlog\cl.write.1.tlog
g:\program\プログラムワークショップ3\プログラムワークショップ３\kadai\kadai3\sugorokudll\sugorokudll\sugorokudll\debug\sugorokudll.tlog\cl.command.1.tlog
g:\program\プログラムワークショップ3\プログラムワークショップ３\kadai\kadai3\sugorokudll\sugorokudll\sugorokudll\debug\sugorokudll.tlog\link.read.1.tlog
g:\program\プログラムワークショップ3\プログラムワークショップ３\kadai\kadai3\sugorokudll\sugorokudll\sugorokudll\debug\sugorokudll.tlog\link.command.1.tlog
g:\program\プログラムワークショップ3\プログラムワークショップ３\kadai\kadai3\sugorokudll\sugorokudll\sugorokudll\debug\sugorokudll.tlog\sugorokudll.write.1u.tlog
g:\program\プログラムワークショップ3\プログラムワークショップ３\kadai\kadai3\sugorokudll\sugorokudll\sugorokudll\debug\sugorokudll.tlog\link.write.1.tlog
g:\program\プログラムワークショップ3\プログラムワークショップ３\kadai\kadai3\sugorokudll\sugorokudll\sugorokudll\debug\sugorokudll.tlog\link-rc.read.1.tlog
g:\program\プログラムワークショップ3\プログラムワークショップ３\kadai\kadai3\sugorokudll\sugorokudll\sugorokudll\debug\sugorokudll.tlog\link-rc.write.1.tlog
g:\program\プログラムワークショップ3\プログラムワークショップ３\kadai\kadai3\sugorokudll\sugorokudll\sugorokudll\debug\sugorokudll.tlog\link-cvtres.read.1.tlog
g:\program\プログラムワークショップ3\プログラムワークショップ３\kadai\kadai3\sugorokudll\sugorokudll\sugorokudll\debug\sugorokudll.tlog\link-cvtres.write.1.tlog
